<?xml version="1.0" encoding="UTF-8"?>
<!-- Generated by org.testng.reporters.JUnitReportReporter -->
<testsuite hostname="DESKTOP-LHIKNTO" failures="0" tests="1" name="testPackage.Register" time="8.878" errors="0" timestamp="2024-06-06T22:05:44 CDT" skipped="0">
  <testcase classname="testPackage.Register" name="registerWithAllFields" time="8.878"/>
</testsuite> <!-- testPackage.Register -->
