<?xml version="1.0" encoding="UTF-8"?>
<!-- Generated by org.testng.reporters.JUnitReportReporter -->
<testsuite hostname="DESKTOP-LHIKNTO" failures="0" tests="2" name="testPackage.Login" time="12.133" errors="0" timestamp="2024-06-06T22:05:44 CDT" skipped="0">
  <testcase classname="testPackage.Login" name="loginWithValidCredentials" time="6.223"/>
  <testcase classname="testPackage.Login" name="loginWithInvalidCredentials" time="5.910"/>
</testsuite> <!-- testPackage.Login -->
